build/outputs/logs/manifest-merger-debug-report.txt
-- Merging decision tree log ---
manifest
ADDED from TWIN\DWIN\AndroidManifest.xml:2:1-34:12
	package
		ADDED from TWIN\DWIN\AndroidManifest.xml:3:5-31
	android:versionName
		ADDED from TWIN\DWIN\AndroidManifest.xml:5:5-30
		INJECTED from TWIN\DWIN\AndroidManifest.xml
		INJECTED from TWIN\DWIN\AndroidManifest.xml
	android:versionCode
		ADDED from TWIN\DWIN\AndroidManifest.xml:4:5-28
		INJECTED from TWIN\DWIN\AndroidManifest.xml
		INJECTED from TWIN\DWIN\AndroidManifest.xml
	xmlns:android
		ADDED from TWIN\DWIN\AndroidManifest.xml:2:11-69
uses-sdk
ADDED from TWIN\DWIN\AndroidManifest.xml:7:5-9:41
	android:targetSdkVersion
		ADDED from TWIN\DWIN\AndroidManifest.xml:9:9-38
	android:minSdkVersion
		ADDED from TWIN\DWIN\AndroidManifest.xml:8:9-34
application
ADDED from TWIN\DWIN\AndroidManifest.xml:11:5-32:19
	android:label
		ADDED from TWIN\DWIN\AndroidManifest.xml:14:9-41
	android:allowBackup
		ADDED from TWIN\DWIN\AndroidManifest.xml:12:9-35
	android:icon
		ADDED from TWIN\DWIN\AndroidManifest.xml:13:9-45
	android:theme
		ADDED from TWIN\DWIN\AndroidManifest.xml:15:9-40
activity#com.dwin.activity.MainActivity
ADDED from TWIN\DWIN\AndroidManifest.xml:16:9-21:20
	android:label
		ADDED from TWIN\DWIN\AndroidManifest.xml:18:13-45
	android:launchMode
		ADDED from TWIN\DWIN\AndroidManifest.xml:19:13-44
	android:name
		ADDED from TWIN\DWIN\AndroidManifest.xml:17:13-58
activity#com.dwin.activity.FActivity
ADDED from TWIN\DWIN\AndroidManifest.xml:22:9-31:20
	android:theme
		ADDED from TWIN\DWIN\AndroidManifest.xml:24:13-77
	android:name
		ADDED from TWIN\DWIN\AndroidManifest.xml:23:13-55
intent-filter#android.intent.action.MAIN+android.intent.category.LAUNCHER
ADDED from TWIN\DWIN\AndroidManifest.xml:26:13-30:29
action#android.intent.action.MAIN
ADDED from TWIN\DWIN\AndroidManifest.xml:27:17-69
	android:name
		ADDED from TWIN\DWIN\AndroidManifest.xml:27:25-66
category#android.intent.category.LAUNCHER
ADDED from TWIN\DWIN\AndroidManifest.xml:29:17-77
	android:name
		ADDED from TWIN\DWIN\AndroidManifest.xml:29:27-74